phase=ENTRY event=ENTER var=- varid=- loc=[cases/case_alloc_uninit.c:4] reason=CheckUninitVar::check::ENTRY
phase=SCOPE event=ENTER var=- varid=- loc=[cases/case_alloc_uninit.c:4] reason=CheckUninitVar::checkScope::SCOPE scope=main
phase=VAR event=DECL var=p varid=1 loc=[cases/case_alloc_uninit.c:5] state_before=UNINIT state_after=UNINIT reason=CheckUninitVar::checkScopeForVariable::VAR
phase=FLOW event=READ var=p varid=1 loc=[cases/case_alloc_uninit.c:6] state_before=UNINIT state_after=UNINIT reason=CheckUninitVar::checkScopeForVariable::READ:read-before-write
phase=REPORT event=REPORT var=- varid=- loc=[cases/case_alloc_uninit.c:6] state_before=UNKNOWN state_after=UNKNOWN reason=CheckUninitVar::uninitdataError::REPORT:report-uninitdata
phase=VAR event=DECL var=v varid=2 loc=[cases/case_alloc_uninit.c:6] state_before=UNINIT state_after=UNINIT reason=CheckUninitVar::checkScopeForVariable::VAR
phase=FLOW event=ASSIGN var=v varid=2 loc=[cases/case_alloc_uninit.c:6] state_before=UNINIT state_after=INIT reason=CheckUninitVar::checkScopeForVariable::ASSIGN:assume-assign
phase=REPORT event=REPORT var=- varid=- loc=[cases/case_definite_uninit.c:4] state_before=UNKNOWN state_after=UNKNOWN reason=CheckUninitVar::uninitvarError::REPORT:report-uninitvar-valueflow
phase=ENTRY event=ENTER var=- varid=- loc=[cases/case_definite_uninit.c:2] reason=CheckUninitVar::check::ENTRY
phase=SCOPE event=ENTER var=- varid=- loc=[cases/case_definite_uninit.c:2] reason=CheckUninitVar::checkScope::SCOPE scope=main
phase=VAR event=DECL var=x varid=1 loc=[cases/case_definite_uninit.c:3] state_before=UNINIT state_after=UNINIT reason=CheckUninitVar::checkScopeForVariable::VAR
phase=FLOW event=READ var=x varid=1 loc=[cases/case_definite_uninit.c:4] state_before=UNINIT state_after=UNINIT reason=CheckUninitVar::checkScopeForVariable::READ:return-read
phase=ENTRY event=ENTER var=- varid=- loc=[cases/case_init_ok.c:2] reason=CheckUninitVar::check::ENTRY
phase=SCOPE event=ENTER var=- varid=- loc=[cases/case_init_ok.c:2] reason=CheckUninitVar::checkScope::SCOPE scope=main
phase=VAR event=DECL var=x varid=1 loc=[cases/case_init_ok.c:3] state_before=UNINIT state_after=UNINIT reason=CheckUninitVar::checkScopeForVariable::VAR
phase=FLOW event=ASSIGN var=x varid=1 loc=[cases/case_init_ok.c:3] state_before=UNINIT state_after=INIT reason=CheckUninitVar::checkScopeForVariable::ASSIGN:assume-assign
phase=ENTRY event=ENTER var=- varid=- loc=[cases/case_maybe_uninit_branch.c:2] reason=CheckUninitVar::check::ENTRY
phase=SCOPE event=ENTER var=- varid=- loc=[cases/case_maybe_uninit_branch.c:2] reason=CheckUninitVar::checkScope::SCOPE scope=main
phase=VAR event=DECL var=x varid=3 loc=[cases/case_maybe_uninit_branch.c:3] state_before=UNINIT state_after=UNINIT reason=CheckUninitVar::checkScopeForVariable::VAR
phase=VAR event=DECL var=x varid=3 loc=[cases/case_maybe_uninit_branch.c:5] state_before=UNINIT state_after=UNINIT reason=CheckUninitVar::checkScopeForVariable::VAR
phase=FLOW event=ASSIGN var=x varid=3 loc=[cases/case_maybe_uninit_branch.c:5] state_before=UNINIT state_after=INIT reason=CheckUninitVar::checkScopeForVariable::ASSIGN:assume-assign
phase=FLOW event=MERGE var=x varid=3 loc=[cases/case_maybe_uninit_branch.c:6] state_before=UNINIT state_after=MAYBE reason=CheckUninitVar::checkScopeForVariable::MERGE:if-merge
phase=FLOW event=READ var=x varid=3 loc=[cases/case_maybe_uninit_branch.c:7] state_before=MAYBE state_after=MAYBE reason=CheckUninitVar::checkScopeForVariable::READ:return-read
phase=SCOPE event=ENTER var=- varid=- loc=[cases/case_maybe_uninit_branch.c:4] reason=CheckUninitVar::checkScope::SCOPE
phase=REPORT event=REPORT var=- varid=- loc=[cases/case_struct_member_uninit.cpp:8] state_before=UNKNOWN state_after=UNKNOWN reason=CheckUninitVar::uninitvarError::REPORT:report-uninitvar-valueflow
phase=ENTRY event=ENTER var=- varid=- loc=[cases/case_struct_member_uninit.cpp:2] reason=CheckUninitVar::check::ENTRY
phase=SCOPE event=ENTER var=- varid=- loc=[cases/case_struct_member_uninit.cpp:6] reason=CheckUninitVar::checkScope::SCOPE scope=main
phase=VAR event=DECL var=s.a varid=2 loc=[cases/case_struct_member_uninit.cpp:7] state_before=UNINIT state_after=UNINIT reason=CheckUninitVar::checkScopeForVariable::VAR
phase=FLOW event=READ var=s.a varid=2 loc=[cases/case_struct_member_uninit.cpp:8] state_before=UNINIT state_after=UNINIT reason=CheckUninitVar::checkScopeForVariable::READ:return-read
phase=REPORT event=REPORT var=- varid=- loc=[cases/case_struct_member_uninit.cpp:8] state_before=UNKNOWN state_after=UNKNOWN reason=CheckUninitVar::uninitStructMemberError::REPORT:report-uninit-struct
